proguard/seeds.txt
com.example.managerfile.cache.ReclaimLevel: com.example.managerfile.cache.ReclaimLevel[] values()
com.example.managerfile.cache.ReclaimLevel: com.example.managerfile.cache.ReclaimLevel valueOf(java.lang.String)
com.example.managerfile.cache.wrap.ImageInfo$ImageType: com.example.managerfile.cache.wrap.ImageInfo$ImageType[] values()
com.example.managerfile.cache.wrap.ImageInfo$ImageType: com.example.managerfile.cache.wrap.ImageInfo$ImageType valueOf(java.lang.String)
com.example.managerfile.receiver.AppInstallReceiver
com.example.managerfile.service.FTPServerService
com.example.managerfile.service.FTPServerService: FTPServerService()
com.example.managerfile.ui.ApkPackageManagerActivity
com.example.managerfile.ui.ApplicationManagerActivity
com.example.managerfile.ui.ApplicationManagerActivity: ApplicationManagerActivity()
com.example.managerfile.ui.CategoryBar
com.example.managerfile.ui.CategoryBar: CategoryBar(android.content.Context)
com.example.managerfile.ui.CategoryBar: CategoryBar(android.content.Context,android.util.AttributeSet)
com.example.managerfile.ui.CategoryBar: CategoryBar(android.content.Context,android.util.AttributeSet,int)
com.example.managerfile.ui.FileManagerActivity
com.example.managerfile.ui.FileManagerActivity: FileManagerActivity()
com.example.managerfile.ui.FileManagerCategoryActivity
com.example.managerfile.ui.FileManagerCategoryActivity: FileManagerCategoryActivity()
com.example.managerfile.ui.FileManagerCategoryActivity: void onClick(android.view.View)
com.example.managerfile.ui.FileManagerCloud
com.example.managerfile.ui.FileManagerCloud: FileManagerCloud()
com.example.managerfile.ui.FileManagerInRemoteActivity
com.example.managerfile.ui.FileManagerInRemoteActivity: FileManagerInRemoteActivity()
com.example.managerfile.ui.FileManagerTabActivity
com.example.managerfile.ui.FileManagerTabActivity: FileManagerTabActivity()
com.example.managerfile.ui.FileMangerSearchActivity
com.example.managerfile.ui.FileMangerSearchActivity: void onClick(android.view.View)
com.example.managerfile.ui.FileMangerSettingActivity
com.example.managerfile.ui.FileMangerSettingActivity: FileMangerSettingActivity()
com.example.managerfile.ui.ServerControlActivity
com.example.managerfile.ui.ShowCategoryFilesActivity
com.example.managerfile.ui.ShowCategoryFilesActivity: ShowCategoryFilesActivity()
com.example.managerfile.ui.ShowSearchResaultActivity
com.example.managerfile.ui.ShowSearchResaultActivity: ShowSearchResaultActivity()
com.example.managerfile.ui.UserSuggestionActivity
com.example.managerfile.ui.UserSuggestionActivity: UserSuggestionActivity()
com.example.managerfile.ui.UserSuggestionActivity: void onClick(android.view.View)
com.example.managerfile.ui.barcode.CaptureActivity
com.example.managerfile.ui.barcode.CaptureActivity: CaptureActivity()
com.example.managerfile.ui.barcode.CaptureActivityHandler$State: com.example.managerfile.ui.barcode.CaptureActivityHandler$State[] values()
com.example.managerfile.ui.barcode.CaptureActivityHandler$State: com.example.managerfile.ui.barcode.CaptureActivityHandler$State valueOf(java.lang.String)
com.example.managerfile.ui.barcode.ViewfinderView
com.example.managerfile.ui.barcode.ViewfinderView: ViewfinderView(android.content.Context,android.util.AttributeSet)
com.example.managerfile.ui.barcode.WebViewActivity
com.example.managerfile.util.AllFileUtil$FileCategory: com.example.managerfile.util.AllFileUtil$FileCategory[] values()
com.example.managerfile.util.AllFileUtil$FileCategory: com.example.managerfile.util.AllFileUtil$FileCategory valueOf(java.lang.String)
com.example.managerfile.util.AllFileUtil$SortMethod: com.example.managerfile.util.AllFileUtil$SortMethod[] values()
com.example.managerfile.util.AllFileUtil$SortMethod: com.example.managerfile.util.AllFileUtil$SortMethod valueOf(java.lang.String)
...
org.apache.tools.ant.taskdefs.optional.depend.constantpool.MethodRefCPInfo
org.apache.tools.ant.taskdefs.optional.depend.constantpool.MethodRefCPInfo: java.lang.String methodClassName
org.apache.tools.ant.taskdefs.optional.depend.constantpool.MethodRefCPInfo: java.lang.String methodName
org.apache.tools.ant.taskdefs.optional.depend.constantpool.MethodRefCPInfo: java.lang.String methodType
org.apache.tools.ant.taskdefs.optional.depend.constantpool.MethodRefCPInfo: int classIndex
org.apache.tools.ant.taskdefs.optional.depend.constantpool.MethodRefCPInfo: int nameAndTypeIndex
org.apache.tools.ant.taskdefs.optional.depend.constantpool.MethodRefCPInfo: MethodRefCPInfo()
org.apache.tools.ant.taskdefs.optional.depend.constantpool.MethodRefCPInfo: void read(java.io.DataInputStream)
org.apache.tools.ant.taskdefs.optional.depend.constantpool.MethodRefCPInfo: java.lang.String toString()
org.apache.tools.ant.taskdefs.optional.depend.constantpool.MethodRefCPInfo: void resolve(org.apache.tools.ant.taskdefs.optional.depend.constantpool.ConstantPool)
org.apache.tools.ant.taskdefs.optional.depend.constantpool.MethodRefCPInfo: java.lang.String getMethodClassName()
org.apache.tools.ant.taskdefs.optional.depend.constantpool.MethodRefCPInfo: java.lang.String getMethodName()
org.apache.tools.ant.taskdefs.optional.depend.constantpool.MethodRefCPInfo: java.lang.String getMethodType()
org.apache.tools.ant.taskdefs.optional.depend.constantpool.MethodTypeCPInfo
org.apache.tools.ant.taskdefs.optional.depend.constantpool.MethodTypeCPInfo: int methodDescriptorIndex
org.apache.tools.ant.taskdefs.optional.depend.constantpool.MethodTypeCPInfo: java.lang.String methodDescriptor
org.apache.tools.ant.taskdefs.optional.depend.constantpool.MethodTypeCPInfo: MethodTypeCPInfo()
org.apache.tools.ant.taskdefs.optional.depend.constantpool.MethodTypeCPInfo: void read(java.io.DataInputStream)
org.apache.tools.ant.taskdefs.optional.depend.constantpool.MethodTypeCPInfo: void resolve(org.apache.tools.ant.taskdefs.optional.depend.constantpool.ConstantPool)
org.apache.tools.ant.taskdefs.optional.depend.constantpool.MethodTypeCPInfo: java.lang.String toString()
org.apache.tools.ant.taskdefs.optional.depend.constantpool.NameAndTypeCPInfo
org.apache.tools.ant.taskdefs.optional.depend.constantpool.NameAndTypeCPInfo: java.lang.String name
org.apache.tools.ant.taskdefs.optional.depend.constantpool.NameAndTypeCPInfo: java.lang.String type
org.apache.tools.ant.taskdefs.optional.depend.constantpool.NameAndTypeCPInfo: int nameIndex
org.apache.tools.ant.taskdefs.optional.depend.constantpool.NameAndTypeCPInfo: int descriptorIndex
org.apache.tools.ant.taskdefs.optional.depend.constantpool.NameAndTypeCPInfo: NameAndTypeCPInfo()
org.apache.tools.ant.taskdefs.optional.depend.constantpool.NameAndTypeCPInfo: void read(java.io.DataInputStream)
org.apache.tools.ant.taskdefs.optional.depend.constantpool.NameAndTypeCPInfo: java.lang.String toString()
org.apache.tools.ant.taskdefs.optional.depend.constantpool.NameAndTypeCPInfo: void resolve(org.apache.tools.ant.taskdefs.optional.depend.constantpool.ConstantPool)
org.apache.tools.ant.taskdefs.optional.depend.constantpool.NameAndTypeCPInfo: java.lang.String getName()
org.apache.tools.ant.taskdefs.optional.depend.constantpool.NameAndTypeCPInfo: java.lang.String getType()
org.apache.tools.ant.taskdefs.optional.depend.constantpool.StringCPInfo
org.apache.tools.ant.taskdefs.optional.depend.constantpool.StringCPInfo: int index
org.apache.tools.ant.taskdefs.optional.depend.constantpool.StringCPInfo: StringCPInfo()
org.apache.tools.ant.taskdefs.optional.depend.constantpool.StringCPInfo: void read(java.io.DataInputStream)
org.apache.tools.ant.taskdefs.optional.depend.constantpool.StringCPInfo: java.lang.String toString()
org.apache.tools.ant.taskdefs.optional.depend.constantpool.StringCPInfo: void resolve(org.apache.tools.ant.taskdefs.optional.depend.constantpool.ConstantPool)