proguard/mapping.txt
com.example.managerfile.adapter.ActionAdapter -> com.example.managerfile.a.a:
    java.lang.String[] actionItem -> a
    android.content.Context mContext -> b
    android.view.LayoutInflater inflater -> c
    int getCount() -> getCount
    java.lang.Object getItem(int) -> getItem
    long getItemId(int) -> getItemId
    android.view.View getView(int,android.view.View,android.view.ViewGroup) -> getView
com.example.managerfile.adapter.ActionAdapter$ViewHolder -> com.example.managerfile.a.b:
    android.widget.TextView mTextView1 -> a
    com.example.managerfile.adapter.ActionAdapter this$0 -> b
com.example.managerfile.adapter.AppManagerGridAdapter -> com.example.managerfile.a.c:
    android.content.Context mContext -> a
    java.util.List infos -> b
    android.view.LayoutInflater inflater -> c
    int getCount() -> getCount
    java.lang.Object getItem(int) -> getItem
    long getItemId(int) -> getItemId
    android.view.View getView(int,android.view.View,android.view.ViewGroup) -> getView
com.example.managerfile.adapter.AppManagerGridAdapter$ViewHolder -> com.example.managerfile.a.d:
    android.widget.ImageView mApkIcon -> a
    android.widget.TextView mApkName -> b
    com.example.managerfile.adapter.AppManagerGridAdapter this$0 -> c
com.example.managerfile.adapter.CollectFileListAdapter -> com.example.managerfile.a.e:
    android.content.Context mContext -> d
    java.util.List listItems -> a
    android.content.res.Resources res -> b
    int SrcollState -> e
    java.util.concurrent.ExecutorService FULL_TASK_EXECUTOR -> f
    java.lang.String mfolderFormate -> g
    boolean isEdit -> c
    int getCount() -> getCount
    java.lang.Object getItem(int) -> getItem
    long getItemId(int) -> getItemId
    android.view.View getView(int,android.view.View,android.view.ViewGroup) -> getView
    int getViewTypeCount() -> getViewTypeCount
    int getItemViewType(int) -> getItemViewType
com.example.managerfile.adapter.CollectFileListAdapter$viewHolder -> com.example.managerfile.a.f:
    android.widget.ImageView mFileIcon -> a
    android.widget.TextView mFileName -> b
    android.widget.TextView mFileStroage -> c
    android.widget.TextView mFileDate -> d
    android.widget.TextView mFileCount -> e
    com.example.managerfile.task.ImageLoad4HeadTask task -> f
    com.example.managerfile.task.ImageLoadForApkTask apktask -> g
    android.widget.CheckBox mCheckBox -> h
    com.example.managerfile.adapter.CollectFileListAdapter this$0 -> i
    void reset() -> a
com.example.managerfile.adapter.GridAdapter -> com.example.managerfile.a.g:
    android.content.Context mContext -> d
    java.util.List listItems -> a
    android.content.res.Resources res -> b
    int SrcollState -> e
    java.util.concurrent.ExecutorService FULL_TASK_EXECUTOR -> f
    boolean isEdit -> c
    int getCount() -> getCount
    java.lang.Object getItem(int) -> getItem
    long getItemId(int) -> getItemId
    android.view.View getView(int,android.view.View,android.view.ViewGroup) -> getView
    int getViewTypeCount() -> getViewTypeCount
    int getItemViewType(int) -> getItemViewType
    int getCheckedItemsNumber() -> a
    void MakeAllItemsSelected() -> b
    void MakeAllItemsUnselected() -> c
com.example.managerfile.adapter.GridAdapter$viewHolder -> com.example.managerfile.a.h:
    android.widget.ImageView mFileIcon -> a
    android.widget.TextView mFileName -> b
    com.example.managerfile.task.ApkIconLoadTask apktask -> c
    com.example.managerfile.task.ImageLoad4HeadTask task -> d
    android.widget.CheckBox mCheckBox -> e
    com.example.managerfile.adapter.GridAdapter this$0 -> f
    void reset() -> a
...
org.swift.ftp.MyLog -> org.a.a.af:
    java.lang.String tag -> a
    void l(int,java.lang.String,boolean) -> a
    void l(int,java.lang.String) -> a
    void e(java.lang.String) -> a
    void w(java.lang.String) -> b
    void i(java.lang.String) -> c
    void d(java.lang.String) -> d
org.swift.ftp.NormalDataSocketFactory -> org.a.a.ag:
    java.net.ServerSocket server -> b
    java.net.InetAddress remoteAddr -> c
    int remotePort -> d
    boolean isPasvMode -> e
    void clearState() -> c
    int onPasv() -> a
    boolean onPort(java.net.InetAddress,int) -> a
    java.net.Socket onTransfer() -> b
    void reportTraffic(long) -> a
org.swift.ftp.ProxyConnector -> org.a.a.ah:
    com.example.managerfile.service.FTPServerService ftpServerService -> a
    org.swift.ftp.MyLog myLog -> b
    org.json.JSONObject response -> c
    java.lang.Thread responseWaiter -> d
    java.util.Queue queuedRequestThreads -> e
    java.net.Socket commandSocket -> f
    java.io.OutputStream out -> g
    java.lang.String hostname -> h
    java.io.InputStream inputStream -> i
    long proxyUsage -> j
    org.swift.ftp.ProxyConnector$State proxyState -> k
    java.lang.String prefix -> l
    java.lang.String proxyMessage -> m
    void run() -> run
    void preferServer(java.lang.String) -> a
    boolean checkAndPrintJsonError(org.json.JSONObject) -> a
    java.net.Socket newAuthedSocket(java.lang.String,int) -> a
    void quit() -> a
    org.json.JSONObject sendRequest(java.io.InputStream,java.io.OutputStream,org.json.JSONObject) -> a
    org.json.JSONObject sendRequest(java.net.Socket,org.json.JSONObject) -> a
    org.swift.ftp.ProxyDataSocketInfo pasvListen() -> b
    java.net.Socket dataPortConnect(java.net.InetAddress,int) -> a
    boolean pasvAccept(java.net.Socket) -> a
    org.json.JSONObject makeJsonRequest(java.lang.String) -> b
    void persistProxyUsage() -> c
    void incrementProxyUsage(long) -> a
    void setProxyState(org.swift.ftp.ProxyConnector$State) -> a
org.swift.ftp.ProxyConnector$State -> org.a.a.ai:
    org.swift.ftp.ProxyConnector$State CONNECTING -> a
    org.swift.ftp.ProxyConnector$State CONNECTED -> b
    org.swift.ftp.ProxyConnector$State FAILED -> c
    org.swift.ftp.ProxyConnector$State UNREACHABLE -> d
    org.swift.ftp.ProxyConnector$State DISCONNECTED -> e
    org.swift.ftp.ProxyConnector$State[] ENUM$VALUES -> f
    org.swift.ftp.ProxyConnector$State[] values() -> values
    org.swift.ftp.ProxyConnector$State valueOf(java.lang.String) -> valueOf
org.swift.ftp.ProxyDataSocketFactory -> org.a.a.aj:
    java.net.Socket socket -> e
    int proxyListenPort -> f
    org.swift.ftp.ProxyConnector proxyConnector -> b
    java.net.InetAddress clientAddress -> c
    int clientPort -> d
    void clearState() -> c
    int onPasv() -> a
    boolean onPort(java.net.InetAddress,int) -> a
    java.net.Socket onTransfer() -> b
    void reportTraffic(long) -> a
org.swift.ftp.ProxyDataSocketInfo -> org.a.a.ak:
    int remotePublicPort -> a
    java.net.Socket socket -> b
    java.net.Socket getSocket() -> a
    int getRemotePublicPort() -> b