proguard/usage.txt
com.example.managerfile.BuildConfig
com.example.managerfile.Exception.ExceptionCode
com.example.managerfile.Exception.ExceptionCode$MicroBlog
com.example.managerfile.Exception.SNSException
com.example.managerfile.R
com.example.managerfile.R$anim
com.example.managerfile.R$array
com.example.managerfile.R$attr
com.example.managerfile.R$color
com.example.managerfile.R$dimen
com.example.managerfile.R$drawable
com.example.managerfile.R$id
com.example.managerfile.R$layout
com.example.managerfile.R$menu
com.example.managerfile.R$raw
com.example.managerfile.R$string
com.example.managerfile.R$style
com.example.managerfile.R$xml
com.example.managerfile.adapter.CollectFileListAdapter:
    int phSize
    protected static final int PHO_DIP
    public float PIX_SCALE
    public static final int ITEM_VIEW_PIC
    public static final int ITEM_VIEW_NOT_PIC
    public static final int ITEM_VIEW_APK
    301:302:public void NofityAll()
    306:311:public void MakeAllItemsSelected()
    315:320:public void MakeAllItemsUnselected()
    324:333:public java.util.List GetCheckItems()
    338:344:public int getCheckedItemsNumber()
com.example.managerfile.adapter.CollectFileListAdapter$viewHolder:
    com.example.managerfile.task.ApkIconLoadTask mApkIconLoadTask
com.example.managerfile.adapter.DialogMenuAdapter
com.example.managerfile.adapter.DialogMenuAdapter$ViewHolder
com.example.managerfile.adapter.GridAdapter:
    int phSize
    protected static final int PHO_DIP
    public float PIX_SCALE
    public static final int ITEM_VIEW_PIC
    public static final int ITEM_VIEW_NOT_PIC
    249:260:public java.util.List GetCheckItems()
com.example.managerfile.adapter.ImageListAdapter:
    int phSize
    protected static final int PHO_DIP
    public float PIX_SCALE
    public static final int ITEM_VIEW_PIC
    public static final int ITEM_VIEW_NOT_PIC
    252:253:public void NofityAll()
    257:262:public void MakeAllItemsSelected()
    266:271:public void MakeAllItemsUnselected()
    275:284:public java.util.List GetCheckItems()
    289:295:public int getCheckedItemsNumber()
com.example.managerfile.adapter.ListAdapter:
    int phSize
    protected static final int PHO_DIP
    public float PIX_SCALE
    public static final int ITEM_VIEW_PIC
    public static final int ITEM_VIEW_NOT_PIC
    public static final int ITEM_VIEW_NOT_APK
    public static final int ITEM_VIEW_APK
com.example.managerfile.adapter.MusicListAdapter:
    int phSize
    protected static final int PHO_DIP
    public float PIX_SCALE
    public static final int ITEM_VIEW_PIC
    public static final int ITEM_VIEW_NOT_PIC
    252:253:public void NofityAll()
    257:262:public void MakeAllItemsSelected()
    266:271:public void MakeAllItemsUnselected()
    275:284:public java.util.List GetCheckItems()
    289:295:public int getCheckedItemsNumber()
com.example.managerfile.adapter.NormalFileListAdapter:
    int phSize
    protected static final int PHO_DIP
    public float PIX_SCALE
    public static final int ITEM_VIEW_PIC
    public static final int ITEM_VIEW_NOT_PIC
    public static final int ITEM_VIEW_APK
    300:301:public void NofityAll()
    305:310:public void MakeAllItemsSelected()
    314:319:public void MakeAllItemsUnselected()
    323:332:public java.util.List GetCheckItems()
    337:343:public int getCheckedItemsNumber()
com.example.managerfile.adapter.NormalFileListAdapter$viewHolder:
    com.example.managerfile.task.ApkIconLoadTask mApkIconLoadTask
com.example.managerfile.adapter.PasteGridAdapter:
    int phSize
    protected static final int PHO_DIP
    public float PIX_SCALE
    public static final int ITEM_VIEW_PIC
    public static final int ITEM_VIEW_NOT_PIC
...
org.swift.ftp.CmdNOOP:
    public static final java.lang.String message
org.swift.ftp.CmdOPTS:
    public static final java.lang.String message
org.swift.ftp.CmdQUIT:
    public static final java.lang.String message
org.swift.ftp.CmdRMD:
    public static final java.lang.String message
org.swift.ftp.CmdSYST:
    public static final java.lang.String response
org.swift.ftp.CmdTemplate
org.swift.ftp.DataSocketFactory:
    public abstract java.net.InetAddress getPasvIp()
org.swift.ftp.Defaults:
    public static final int tcpConnectionBacklog
    public static final boolean acceptWifi
    public static final boolean acceptNet
    public static final boolean stayAwake
    public static final int REMOTE_PROXY_PORT
    public static final java.lang.String STRING_ENCODING
    public static final int SO_TIMEOUT_MS
    public static final java.lang.String SESSION_ENCODING
    public static final boolean release
    public static final boolean do_mediascanner_notify
    27:27:public Defaults()
    75:75:public static int getPortNumber()
    79:80:public static void setPortNumber(int)
    87:88:public static void setSettingsName(java.lang.String)
    95:96:public static void setSettingsMode(int)
    99:100:public static void setServerLogScrollBack(int)
    109:110:public static void setUiLogLevel(int)
    117:118:public static void setInputBufferSize(int)
    125:126:public static void setDataChunkSize(int)
    129:129:public static int getSessionMonitorScrollBack()
    135:136:public static void setSessionMonitorScrollBack(int)
    143:144:public static void setLogScrollBack(int)
    151:152:public static void setConsoleLogLevel(int)
org.swift.ftp.Globals:
    26:26:public Globals()
    57:57:public static java.lang.String getLastError()
    75:75:public static java.lang.String getUsername()
    79:80:public static void setUsername(java.lang.String)
org.swift.ftp.NormalDataSocketFactory:
    152:157:public int getPortNumber()
    164:164:public java.net.InetAddress getPasvIp()
org.swift.ftp.ProxyConnector:
    public static final int IN_BUF_SIZE
    public static final java.lang.String ENCODING
    public static final int RESPONSE_WAIT_MS
    public static final int QUEUE_WAIT_MS
    public static final long UPDATE_USAGE_BYTES
    public static final java.lang.String PREFERRED_SERVER
    public static final int CONNECT_TIMEOUT
    static final java.lang.String USAGE_PREFS_NAME
    447:533:private org.json.JSONObject sendCmdSocketRequest(org.json.JSONObject)
    665:670:public java.net.InetAddress getProxyIp()
    735:735:public long getProxyUsage()
    748:748:public org.swift.ftp.ProxyConnector$State getProxyState()
    773:773:public static java.lang.String stateToString(org.swift.ftp.ProxyConnector$State)
    780:786:public java.lang.String getURL()
    793:793:public java.lang.String getProxyMessage()
org.swift.ftp.ProxyDataSocketFactory:
    72:76:public java.net.InetAddress getPasvIp()
org.swift.ftp.ProxyDataSocketInfo:
    33:34:public void setSocket(java.net.Socket)
    46:47:public void setRemotePublicPort(int)
org.swift.ftp.QuotaStats
org.swift.ftp.SessionThread:
    247:247:protected java.net.InetAddress getLocalAddress()
    284:289:public static boolean compareLen(byte[],byte[],int)
    329:329:protected java.net.Socket getSocket()
    333:333:public org.swift.ftp.Account getAccount()
    337:338:public void setAccount(org.swift.ftp.Account)
    341:341:public boolean isPasvMode()
    357:357:public static java.nio.ByteBuffer stringToBB(java.lang.String)
    415:415:public java.net.Socket getDataSocket()
    419:420:public void setDataSocket(java.net.Socket)
    435:435:public java.lang.String getEncoding()
org.swift.ftp.Settings
org.swift.ftp.UiUpdater:
    27:27:public UiUpdater()